<?xml version="1.0" encoding="UTF-8"?>
<testsuite xmlns:xsi="http://www.w3.org/2001/XMLSchema-instance" xsi:noNamespaceSchemaLocation="https://maven.apache.org/surefire/maven-surefire-plugin/xsd/surefire-test-report-3.0.xsd" version="3.0" name="com.springboot.schoolassistantapi.SchoolAssistantApiApplicationTests" time="3.803" tests="1" errors="0" skipped="0" failures="0">
  <properties>
    <property name="java.specification.version" value="17"/>
    <property name="sun.cpu.isalist" value="amd64"/>
    <property name="sun.jnu.encoding" value="Cp1252"/>
    <property name="java.class.path" value="C:\Users\pc\git\school-assistant\school-assistant-api\target\test-classes;C:\Users\pc\git\school-assistant\school-assistant-api\target\classes;C:\Users\pc\.m2\repository\org\springframework\boot\spring-boot-starter-web\3.1.5\spring-boot-starter-web-3.1.5.jar;C:\Users\pc\.m2\repository\org\springframework\boot\spring-boot-starter\3.1.5\spring-boot-starter-3.1.5.jar;C:\Users\pc\.m2\repository\org\springframework\boot\spring-boot\3.1.5\spring-boot-3.1.5.jar;C:\Users\pc\.m2\repository\org\springframework\boot\spring-boot-autoconfigure\3.1.5\spring-boot-autoconfigure-3.1.5.jar;C:\Users\pc\.m2\repository\org\springframework\boot\spring-boot-starter-logging\3.1.5\spring-boot-starter-logging-3.1.5.jar;C:\Users\pc\.m2\repository\ch\qos\logback\logback-classic\1.4.11\logback-classic-1.4.11.jar;C:\Users\pc\.m2\repository\ch\qos\logback\logback-core\1.4.11\logback-core-1.4.11.jar;C:\Users\pc\.m2\repository\org\apache\logging\log4j\log4j-to-slf4j\2.20.0\log4j-to-slf4j-2.20.0.jar;C:\Users\pc\.m2\repository\org\apache\logging\log4j\log4j-api\2.20.0\log4j-api-2.20.0.jar;C:\Users\pc\.m2\repository\org\slf4j\jul-to-slf4j\2.0.9\jul-to-slf4j-2.0.9.jar;C:\Users\pc\.m2\repository\jakarta\annotation\jakarta.annotation-api\2.1.1\jakarta.annotation-api-2.1.1.jar;C:\Users\pc\.m2\repository\org\yaml\snakeyaml\1.33\snakeyaml-1.33.jar;C:\Users\pc\.m2\repository\org\springframework\boot\spring-boot-starter-json\3.1.5\spring-boot-starter-json-3.1.5.jar;C:\Users\pc\.m2\repository\com\fasterxml\jackson\core\jackson-databind\2.15.3\jackson-databind-2.15.3.jar;C:\Users\pc\.m2\repository\com\fasterxml\jackson\core\jackson-annotations\2.15.3\jackson-annotations-2.15.3.jar;C:\Users\pc\.m2\repository\com\fasterxml\jackson\datatype\jackson-datatype-jdk8\2.15.3\jackson-datatype-jdk8-2.15.3.jar;C:\Users\pc\.m2\repository\com\fasterxml\jackson\datatype\jackson-datatype-jsr310\2.15.3\jackson-datatype-jsr310-2.15.3.jar;C:\Users\pc\.m2\repository\com\fasterxml\jackson\module\jackson-module-parameter-names\2.15.3\jackson-module-parameter-names-2.15.3.jar;C:\Users\pc\.m2\repository\org\springframework\boot\spring-boot-starter-tomcat\3.1.5\spring-boot-starter-tomcat-3.1.5.jar;C:\Users\pc\.m2\repository\org\apache\tomcat\embed\tomcat-embed-core\10.1.15\tomcat-embed-core-10.1.15.jar;C:\Users\pc\.m2\repository\org\apache\tomcat\embed\tomcat-embed-el\10.1.15\tomcat-embed-el-10.1.15.jar;C:\Users\pc\.m2\repository\org\apache\tomcat\embed\tomcat-embed-websocket\10.1.15\tomcat-embed-websocket-10.1.15.jar;C:\Users\pc\.m2\repository\org\springframework\spring-web\6.0.13\spring-web-6.0.13.jar;C:\Users\pc\.m2\repository\org\springframework\spring-beans\6.0.13\spring-beans-6.0.13.jar;C:\Users\pc\.m2\repository\io\micrometer\micrometer-observation\1.11.5\micrometer-observation-1.11.5.jar;C:\Users\pc\.m2\repository\io\micrometer\micrometer-commons\1.11.5\micrometer-commons-1.11.5.jar;C:\Users\pc\.m2\repository\org\springframework\spring-webmvc\6.0.13\spring-webmvc-6.0.13.jar;C:\Users\pc\.m2\repository\org\springframework\spring-aop\6.0.13\spring-aop-6.0.13.jar;C:\Users\pc\.m2\repository\org\springframework\spring-context\6.0.13\spring-context-6.0.13.jar;C:\Users\pc\.m2\repository\org\springframework\spring-expression\6.0.13\spring-expression-6.0.13.jar;C:\Users\pc\.m2\repository\org\springframework\boot\spring-boot-starter-test\3.1.5\spring-boot-starter-test-3.1.5.jar;C:\Users\pc\.m2\repository\org\springframework\boot\spring-boot-test\3.1.5\spring-boot-test-3.1.5.jar;C:\Users\pc\.m2\repository\org\springframework\boot\spring-boot-test-autoconfigure\3.1.5\spring-boot-test-autoconfigure-3.1.5.jar;C:\Users\pc\.m2\repository\com\jayway\jsonpath\json-path\2.8.0\json-path-2.8.0.jar;C:\Users\pc\.m2\repository\org\slf4j\slf4j-api\2.0.9\slf4j-api-2.0.9.jar;C:\Users\pc\.m2\repository\jakarta\xml\bind\jakarta.xml.bind-api\4.0.1\jakarta.xml.bind-api-4.0.1.jar;C:\Users\pc\.m2\repository\jakarta\activation\jakarta.activation-api\2.1.2\jakarta.activation-api-2.1.2.jar;C:\Users\pc\.m2\repository\net\minidev\json-smart\2.4.11\json-smart-2.4.11.jar;C:\Users\pc\.m2\repository\net\minidev\accessors-smart\2.4.11\accessors-smart-2.4.11.jar;C:\Users\pc\.m2\repository\org\ow2\asm\asm\9.3\asm-9.3.jar;C:\Users\pc\.m2\repository\org\assertj\assertj-core\3.24.2\assertj-core-3.24.2.jar;C:\Users\pc\.m2\repository\net\bytebuddy\byte-buddy\1.14.9\byte-buddy-1.14.9.jar;C:\Users\pc\.m2\repository\org\hamcrest\hamcrest\2.2\hamcrest-2.2.jar;C:\Users\pc\.m2\repository\org\junit\jupiter\junit-jupiter\5.9.3\junit-jupiter-5.9.3.jar;C:\Users\pc\.m2\repository\org\junit\jupiter\junit-jupiter-api\5.9.3\junit-jupiter-api-5.9.3.jar;C:\Users\pc\.m2\repository\org\opentest4j\opentest4j\1.2.0\opentest4j-1.2.0.jar;C:\Users\pc\.m2\repository\org\junit\platform\junit-platform-commons\1.9.3\junit-platform-commons-1.9.3.jar;C:\Users\pc\.m2\repository\org\apiguardian\apiguardian-api\1.1.2\apiguardian-api-1.1.2.jar;C:\Users\pc\.m2\repository\org\junit\jupiter\junit-jupiter-params\5.9.3\junit-jupiter-params-5.9.3.jar;C:\Users\pc\.m2\repository\org\junit\jupiter\junit-jupiter-engine\5.9.3\junit-jupiter-engine-5.9.3.jar;C:\Users\pc\.m2\repository\org\junit\platform\junit-platform-engine\1.9.3\junit-platform-engine-1.9.3.jar;C:\Users\pc\.m2\repository\org\mockito\mockito-core\5.3.1\mockito-core-5.3.1.jar;C:\Users\pc\.m2\repository\net\bytebuddy\byte-buddy-agent\1.14.9\byte-buddy-agent-1.14.9.jar;C:\Users\pc\.m2\repository\org\objenesis\objenesis\3.3\objenesis-3.3.jar;C:\Users\pc\.m2\repository\org\mockito\mockito-junit-jupiter\5.3.1\mockito-junit-jupiter-5.3.1.jar;C:\Users\pc\.m2\repository\org\skyscreamer\jsonassert\1.5.1\jsonassert-1.5.1.jar;C:\Users\pc\.m2\repository\com\vaadin\external\google\android-json\0.0.20131108.vaadin1\android-json-0.0.20131108.vaadin1.jar;C:\Users\pc\.m2\repository\org\springframework\spring-core\6.0.13\spring-core-6.0.13.jar;C:\Users\pc\.m2\repository\org\springframework\spring-jcl\6.0.13\spring-jcl-6.0.13.jar;C:\Users\pc\.m2\repository\org\springframework\spring-test\6.0.13\spring-test-6.0.13.jar;C:\Users\pc\.m2\repository\org\xmlunit\xmlunit-core\2.9.1\xmlunit-core-2.9.1.jar;C:\Users\pc\.m2\repository\org\apache\httpcomponents\httpclient\4.5.13\httpclient-4.5.13.jar;C:\Users\pc\.m2\repository\org\apache\httpcomponents\httpcore\4.4.16\httpcore-4.4.16.jar;C:\Users\pc\.m2\repository\commons-logging\commons-logging\1.2\commons-logging-1.2.jar;C:\Users\pc\.m2\repository\commons-codec\commons-codec\1.15\commons-codec-1.15.jar;C:\Users\pc\.m2\repository\org\jsoup\jsoup\1.14.3\jsoup-1.14.3.jar;C:\Users\pc\.m2\repository\com\dropbox\core\dropbox-core-sdk\5.1.1\dropbox-core-sdk-5.1.1.jar;C:\Users\pc\.m2\repository\com\fasterxml\jackson\core\jackson-core\2.15.3\jackson-core-2.15.3.jar;C:\Users\pc\.m2\repository\org\seleniumhq\selenium\selenium-java\4.14.1\selenium-java-4.14.1.jar;C:\Users\pc\.m2\repository\org\seleniumhq\selenium\selenium-api\4.8.3\selenium-api-4.8.3.jar;C:\Users\pc\.m2\repository\org\seleniumhq\selenium\selenium-chrome-driver\4.8.3\selenium-chrome-driver-4.8.3.jar;C:\Users\pc\.m2\repository\com\google\auto\service\auto-service-annotations\1.0.1\auto-service-annotations-1.0.1.jar;C:\Users\pc\.m2\repository\com\google\auto\service\auto-service\1.0.1\auto-service-1.0.1.jar;C:\Users\pc\.m2\repository\com\google\auto\auto-common\1.2\auto-common-1.2.jar;C:\Users\pc\.m2\repository\com\google\guava\guava\31.1-jre\guava-31.1-jre.jar;C:\Users\pc\.m2\repository\com\google\guava\failureaccess\1.0.1\failureaccess-1.0.1.jar;C:\Users\pc\.m2\repository\com\google\guava\listenablefuture\9999.0-empty-to-avoid-conflict-with-guava\listenablefuture-9999.0-empty-to-avoid-conflict-with-guava.jar;C:\Users\pc\.m2\repository\com\google\code\findbugs\jsr305\3.0.2\jsr305-3.0.2.jar;C:\Users\pc\.m2\repository\org\checkerframework\checker-qual\3.12.0\checker-qual-3.12.0.jar;C:\Users\pc\.m2\repository\com\google\errorprone\error_prone_annotations\2.11.0\error_prone_annotations-2.11.0.jar;C:\Users\pc\.m2\repository\com\google\j2objc\j2objc-annotations\1.3\j2objc-annotations-1.3.jar;C:\Users\pc\.m2\repository\org\seleniumhq\selenium\selenium-chromium-driver\4.8.3\selenium-chromium-driver-4.8.3.jar;C:\Users\pc\.m2\repository\org\seleniumhq\selenium\selenium-json\4.8.3\selenium-json-4.8.3.jar;C:\Users\pc\.m2\repository\org\seleniumhq\selenium\selenium-manager\4.8.3\selenium-manager-4.8.3.jar;C:\Users\pc\.m2\repository\org\seleniumhq\selenium\selenium-devtools-v116\4.14.1\selenium-devtools-v116-4.14.1.jar;C:\Users\pc\.m2\repository\org\seleniumhq\selenium\selenium-devtools-v117\4.14.1\selenium-devtools-v117-4.14.1.jar;C:\Users\pc\.m2\repository\org\seleniumhq\selenium\selenium-devtools-v118\4.14.1\selenium-devtools-v118-4.14.1.jar;C:\Users\pc\.m2\repository\org\seleniumhq\selenium\selenium-devtools-v85\4.8.3\selenium-devtools-v85-4.8.3.jar;C:\Users\pc\.m2\repository\org\seleniumhq\selenium\selenium-edge-driver\4.8.3\selenium-edge-driver-4.8.3.jar;C:\Users\pc\.m2\repository\org\seleniumhq\selenium\selenium-firefox-driver\4.8.3\selenium-firefox-driver-4.8.3.jar;C:\Users\pc\.m2\repository\org\seleniumhq\selenium\selenium-http\4.8.3\selenium-http-4.8.3.jar;C:\Users\pc\.m2\repository\dev\failsafe\failsafe\3.3.1\failsafe-3.3.1.jar;C:\Users\pc\.m2\repository\org\seleniumhq\selenium\selenium-ie-driver\4.8.3\selenium-ie-driver-4.8.3.jar;C:\Users\pc\.m2\repository\org\seleniumhq\selenium\selenium-remote-driver\4.8.3\selenium-remote-driver-4.8.3.jar;C:\Users\pc\.m2\repository\com\beust\jcommander\1.82\jcommander-1.82.jar;C:\Users\pc\.m2\repository\io\netty\netty-buffer\4.1.100.Final\netty-buffer-4.1.100.Final.jar;C:\Users\pc\.m2\repository\io\netty\netty-codec-http\4.1.100.Final\netty-codec-http-4.1.100.Final.jar;C:\Users\pc\.m2\repository\io\netty\netty-codec\4.1.100.Final\netty-codec-4.1.100.Final.jar;C:\Users\pc\.m2\repository\io\netty\netty-handler\4.1.100.Final\netty-handler-4.1.100.Final.jar;C:\Users\pc\.m2\repository\io\netty\netty-common\4.1.100.Final\netty-common-4.1.100.Final.jar;C:\Users\pc\.m2\repository\io\netty\netty-transport-classes-epoll\4.1.100.Final\netty-transport-classes-epoll-4.1.100.Final.jar;C:\Users\pc\.m2\repository\io\netty\netty-transport-classes-kqueue\4.1.100.Final\netty-transport-classes-kqueue-4.1.100.Final.jar;C:\Users\pc\.m2\repository\io\netty\netty-transport-native-epoll\4.1.100.Final\netty-transport-native-epoll-4.1.100.Final.jar;C:\Users\pc\.m2\repository\io\netty\netty-transport-native-kqueue\4.1.100.Final\netty-transport-native-kqueue-4.1.100.Final.jar;C:\Users\pc\.m2\repository\io\netty\netty-transport-native-unix-common\4.1.100.Final\netty-transport-native-unix-common-4.1.100.Final.jar;C:\Users\pc\.m2\repository\io\netty\netty-transport\4.1.100.Final\netty-transport-4.1.100.Final.jar;C:\Users\pc\.m2\repository\io\netty\netty-resolver\4.1.100.Final\netty-resolver-4.1.100.Final.jar;C:\Users\pc\.m2\repository\io\opentelemetry\opentelemetry-api\1.25.0\opentelemetry-api-1.25.0.jar;C:\Users\pc\.m2\repository\io\opentelemetry\opentelemetry-context\1.25.0\opentelemetry-context-1.25.0.jar;C:\Users\pc\.m2\repository\io\opentelemetry\opentelemetry-exporter-logging\1.25.0\opentelemetry-exporter-logging-1.25.0.jar;C:\Users\pc\.m2\repository\io\opentelemetry\opentelemetry-sdk-metrics\1.25.0\opentelemetry-sdk-metrics-1.25.0.jar;C:\Users\pc\.m2\repository\io\opentelemetry\opentelemetry-sdk-logs\1.25.0-alpha\opentelemetry-sdk-logs-1.25.0-alpha.jar;C:\Users\pc\.m2\repository\io\opentelemetry\opentelemetry-api-logs\1.25.0-alpha\opentelemetry-api-logs-1.25.0-alpha.jar;C:\Users\pc\.m2\repository\io\opentelemetry\opentelemetry-api-events\1.25.0-alpha\opentelemetry-api-events-1.25.0-alpha.jar;C:\Users\pc\.m2\repository\io\opentelemetry\opentelemetry-sdk-common\1.25.0\opentelemetry-sdk-common-1.25.0.jar;C:\Users\pc\.m2\repository\io\opentelemetry\opentelemetry-sdk-extension-autoconfigure-spi\1.25.0\opentelemetry-sdk-extension-autoconfigure-spi-1.25.0.jar;C:\Users\pc\.m2\repository\io\opentelemetry\opentelemetry-sdk-extension-autoconfigure\1.24.0-alpha\opentelemetry-sdk-extension-autoconfigure-1.24.0-alpha.jar;C:\Users\pc\.m2\repository\io\opentelemetry\opentelemetry-sdk-trace\1.25.0\opentelemetry-sdk-trace-1.25.0.jar;C:\Users\pc\.m2\repository\io\opentelemetry\opentelemetry-sdk\1.25.0\opentelemetry-sdk-1.25.0.jar;C:\Users\pc\.m2\repository\io\opentelemetry\opentelemetry-semconv\1.24.0-alpha\opentelemetry-semconv-1.24.0-alpha.jar;C:\Users\pc\.m2\repository\io\ous\jtoml\2.0.0\jtoml-2.0.0.jar;C:\Users\pc\.m2\repository\org\apache\commons\commons-exec\1.3\commons-exec-1.3.jar;C:\Users\pc\.m2\repository\org\asynchttpclient\async-http-client\2.12.3\async-http-client-2.12.3.jar;C:\Users\pc\.m2\repository\org\asynchttpclient\async-http-client-netty-utils\2.12.3\async-http-client-netty-utils-2.12.3.jar;C:\Users\pc\.m2\repository\io\netty\netty-codec-socks\4.1.100.Final\netty-codec-socks-4.1.100.Final.jar;C:\Users\pc\.m2\repository\io\netty\netty-handler-proxy\4.1.100.Final\netty-handler-proxy-4.1.100.Final.jar;C:\Users\pc\.m2\repository\io\netty\netty-transport-native-epoll\4.1.100.Final\netty-transport-native-epoll-4.1.100.Final-linux-x86_64.jar;C:\Users\pc\.m2\repository\io\netty\netty-transport-native-kqueue\4.1.100.Final\netty-transport-native-kqueue-4.1.100.Final-osx-x86_64.jar;C:\Users\pc\.m2\repository\org\reactivestreams\reactive-streams\1.0.4\reactive-streams-1.0.4.jar;C:\Users\pc\.m2\repository\com\typesafe\netty\netty-reactive-streams\2.0.4\netty-reactive-streams-2.0.4.jar;C:\Users\pc\.m2\repository\com\sun\activation\jakarta.activation\1.2.2\jakarta.activation-1.2.2.jar;C:\Users\pc\.m2\repository\org\seleniumhq\selenium\selenium-safari-driver\4.8.3\selenium-safari-driver-4.8.3.jar;C:\Users\pc\.m2\repository\org\seleniumhq\selenium\selenium-support\4.8.3\selenium-support-4.8.3.jar;"/>
    <property name="java.vm.vendor" value="Eclipse Adoptium"/>
    <property name="sun.arch.data.model" value="64"/>
    <property name="user.variant" value=""/>
    <property name="java.vendor.url" value="https://adoptium.net/"/>
    <property name="user.timezone" value="Europe/Berlin"/>
    <property name="os.name" value="Windows 10"/>
    <property name="java.vm.specification.version" value="17"/>
    <property name="sun.java.launcher" value="SUN_STANDARD"/>
    <property name="user.country" value="US"/>
    <property name="sun.boot.library.path" value="C:\Users\pc\.p2\pool\plugins\org.eclipse.justj.openjdk.hotspot.jre.full.win32.x86_64_17.0.6.v20230204-1729\jre\bin"/>
    <property name="sun.java.command" value="C:\Users\pc\AppData\Local\Temp\surefire18081923884292217574\surefirebooter-20231116144538988_3.jar C:\Users\pc\AppData\Local\Temp\surefire18081923884292217574 2023-11-16T14-45-38_709-jvmRun1 surefire-20231116144538988_1tmp surefire_0-20231116144538988_2tmp"/>
    <property name="jdk.debug" value="release"/>
    <property name="surefire.test.class.path" value="C:\Users\pc\git\school-assistant\school-assistant-api\target\test-classes;C:\Users\pc\git\school-assistant\school-assistant-api\target\classes;C:\Users\pc\.m2\repository\org\springframework\boot\spring-boot-starter-web\3.1.5\spring-boot-starter-web-3.1.5.jar;C:\Users\pc\.m2\repository\org\springframework\boot\spring-boot-starter\3.1.5\spring-boot-starter-3.1.5.jar;C:\Users\pc\.m2\repository\org\springframework\boot\spring-boot\3.1.5\spring-boot-3.1.5.jar;C:\Users\pc\.m2\repository\org\springframework\boot\spring-boot-autoconfigure\3.1.5\spring-boot-autoconfigure-3.1.5.jar;C:\Users\pc\.m2\repository\org\springframework\boot\spring-boot-starter-logging\3.1.5\spring-boot-starter-logging-3.1.5.jar;C:\Users\pc\.m2\repository\ch\qos\logback\logback-classic\1.4.11\logback-classic-1.4.11.jar;C:\Users\pc\.m2\repository\ch\qos\logback\logback-core\1.4.11\logback-core-1.4.11.jar;C:\Users\pc\.m2\repository\org\apache\logging\log4j\log4j-to-slf4j\2.20.0\log4j-to-slf4j-2.20.0.jar;C:\Users\pc\.m2\repository\org\apache\logging\log4j\log4j-api\2.20.0\log4j-api-2.20.0.jar;C:\Users\pc\.m2\repository\org\slf4j\jul-to-slf4j\2.0.9\jul-to-slf4j-2.0.9.jar;C:\Users\pc\.m2\repository\jakarta\annotation\jakarta.annotation-api\2.1.1\jakarta.annotation-api-2.1.1.jar;C:\Users\pc\.m2\repository\org\yaml\snakeyaml\1.33\snakeyaml-1.33.jar;C:\Users\pc\.m2\repository\org\springframework\boot\spring-boot-starter-json\3.1.5\spring-boot-starter-json-3.1.5.jar;C:\Users\pc\.m2\repository\com\fasterxml\jackson\core\jackson-databind\2.15.3\jackson-databind-2.15.3.jar;C:\Users\pc\.m2\repository\com\fasterxml\jackson\core\jackson-annotations\2.15.3\jackson-annotations-2.15.3.jar;C:\Users\pc\.m2\repository\com\fasterxml\jackson\datatype\jackson-datatype-jdk8\2.15.3\jackson-datatype-jdk8-2.15.3.jar;C:\Users\pc\.m2\repository\com\fasterxml\jackson\datatype\jackson-datatype-jsr310\2.15.3\jackson-datatype-jsr310-2.15.3.jar;C:\Users\pc\.m2\repository\com\fasterxml\jackson\module\jackson-module-parameter-names\2.15.3\jackson-module-parameter-names-2.15.3.jar;C:\Users\pc\.m2\repository\org\springframework\boot\spring-boot-starter-tomcat\3.1.5\spring-boot-starter-tomcat-3.1.5.jar;C:\Users\pc\.m2\repository\org\apache\tomcat\embed\tomcat-embed-core\10.1.15\tomcat-embed-core-10.1.15.jar;C:\Users\pc\.m2\repository\org\apache\tomcat\embed\tomcat-embed-el\10.1.15\tomcat-embed-el-10.1.15.jar;C:\Users\pc\.m2\repository\org\apache\tomcat\embed\tomcat-embed-websocket\10.1.15\tomcat-embed-websocket-10.1.15.jar;C:\Users\pc\.m2\repository\org\springframework\spring-web\6.0.13\spring-web-6.0.13.jar;C:\Users\pc\.m2\repository\org\springframework\spring-beans\6.0.13\spring-beans-6.0.13.jar;C:\Users\pc\.m2\repository\io\micrometer\micrometer-observation\1.11.5\micrometer-observation-1.11.5.jar;C:\Users\pc\.m2\repository\io\micrometer\micrometer-commons\1.11.5\micrometer-commons-1.11.5.jar;C:\Users\pc\.m2\repository\org\springframework\spring-webmvc\6.0.13\spring-webmvc-6.0.13.jar;C:\Users\pc\.m2\repository\org\springframework\spring-aop\6.0.13\spring-aop-6.0.13.jar;C:\Users\pc\.m2\repository\org\springframework\spring-context\6.0.13\spring-context-6.0.13.jar;C:\Users\pc\.m2\repository\org\springframework\spring-expression\6.0.13\spring-expression-6.0.13.jar;C:\Users\pc\.m2\repository\org\springframework\boot\spring-boot-starter-test\3.1.5\spring-boot-starter-test-3.1.5.jar;C:\Users\pc\.m2\repository\org\springframework\boot\spring-boot-test\3.1.5\spring-boot-test-3.1.5.jar;C:\Users\pc\.m2\repository\org\springframework\boot\spring-boot-test-autoconfigure\3.1.5\spring-boot-test-autoconfigure-3.1.5.jar;C:\Users\pc\.m2\repository\com\jayway\jsonpath\json-path\2.8.0\json-path-2.8.0.jar;C:\Users\pc\.m2\repository\org\slf4j\slf4j-api\2.0.9\slf4j-api-2.0.9.jar;C:\Users\pc\.m2\repository\jakarta\xml\bind\jakarta.xml.bind-api\4.0.1\jakarta.xml.bind-api-4.0.1.jar;C:\Users\pc\.m2\repository\jakarta\activation\jakarta.activation-api\2.1.2\jakarta.activation-api-2.1.2.jar;C:\Users\pc\.m2\repository\net\minidev\json-smart\2.4.11\json-smart-2.4.11.jar;C:\Users\pc\.m2\repository\net\minidev\accessors-smart\2.4.11\accessors-smart-2.4.11.jar;C:\Users\pc\.m2\repository\org\ow2\asm\asm\9.3\asm-9.3.jar;C:\Users\pc\.m2\repository\org\assertj\assertj-core\3.24.2\assertj-core-3.24.2.jar;C:\Users\pc\.m2\repository\net\bytebuddy\byte-buddy\1.14.9\byte-buddy-1.14.9.jar;C:\Users\pc\.m2\repository\org\hamcrest\hamcrest\2.2\hamcrest-2.2.jar;C:\Users\pc\.m2\repository\org\junit\jupiter\junit-jupiter\5.9.3\junit-jupiter-5.9.3.jar;C:\Users\pc\.m2\repository\org\junit\jupiter\junit-jupiter-api\5.9.3\junit-jupiter-api-5.9.3.jar;C:\Users\pc\.m2\repository\org\opentest4j\opentest4j\1.2.0\opentest4j-1.2.0.jar;C:\Users\pc\.m2\repository\org\junit\platform\junit-platform-commons\1.9.3\junit-platform-commons-1.9.3.jar;C:\Users\pc\.m2\repository\org\apiguardian\apiguardian-api\1.1.2\apiguardian-api-1.1.2.jar;C:\Users\pc\.m2\repository\org\junit\jupiter\junit-jupiter-params\5.9.3\junit-jupiter-params-5.9.3.jar;C:\Users\pc\.m2\repository\org\junit\jupiter\junit-jupiter-engine\5.9.3\junit-jupiter-engine-5.9.3.jar;C:\Users\pc\.m2\repository\org\junit\platform\junit-platform-engine\1.9.3\junit-platform-engine-1.9.3.jar;C:\Users\pc\.m2\repository\org\mockito\mockito-core\5.3.1\mockito-core-5.3.1.jar;C:\Users\pc\.m2\repository\net\bytebuddy\byte-buddy-agent\1.14.9\byte-buddy-agent-1.14.9.jar;C:\Users\pc\.m2\repository\org\objenesis\objenesis\3.3\objenesis-3.3.jar;C:\Users\pc\.m2\repository\org\mockito\mockito-junit-jupiter\5.3.1\mockito-junit-jupiter-5.3.1.jar;C:\Users\pc\.m2\repository\org\skyscreamer\jsonassert\1.5.1\jsonassert-1.5.1.jar;C:\Users\pc\.m2\repository\com\vaadin\external\google\android-json\0.0.20131108.vaadin1\android-json-0.0.20131108.vaadin1.jar;C:\Users\pc\.m2\repository\org\springframework\spring-core\6.0.13\spring-core-6.0.13.jar;C:\Users\pc\.m2\repository\org\springframework\spring-jcl\6.0.13\spring-jcl-6.0.13.jar;C:\Users\pc\.m2\repository\org\springframework\spring-test\6.0.13\spring-test-6.0.13.jar;C:\Users\pc\.m2\repository\org\xmlunit\xmlunit-core\2.9.1\xmlunit-core-2.9.1.jar;C:\Users\pc\.m2\repository\org\apache\httpcomponents\httpclient\4.5.13\httpclient-4.5.13.jar;C:\Users\pc\.m2\repository\org\apache\httpcomponents\httpcore\4.4.16\httpcore-4.4.16.jar;C:\Users\pc\.m2\repository\commons-logging\commons-logging\1.2\commons-logging-1.2.jar;C:\Users\pc\.m2\repository\commons-codec\commons-codec\1.15\commons-codec-1.15.jar;C:\Users\pc\.m2\repository\org\jsoup\jsoup\1.14.3\jsoup-1.14.3.jar;C:\Users\pc\.m2\repository\com\dropbox\core\dropbox-core-sdk\5.1.1\dropbox-core-sdk-5.1.1.jar;C:\Users\pc\.m2\repository\com\fasterxml\jackson\core\jackson-core\2.15.3\jackson-core-2.15.3.jar;C:\Users\pc\.m2\repository\org\seleniumhq\selenium\selenium-java\4.14.1\selenium-java-4.14.1.jar;C:\Users\pc\.m2\repository\org\seleniumhq\selenium\selenium-api\4.8.3\selenium-api-4.8.3.jar;C:\Users\pc\.m2\repository\org\seleniumhq\selenium\selenium-chrome-driver\4.8.3\selenium-chrome-driver-4.8.3.jar;C:\Users\pc\.m2\repository\com\google\auto\service\auto-service-annotations\1.0.1\auto-service-annotations-1.0.1.jar;C:\Users\pc\.m2\repository\com\google\auto\service\auto-service\1.0.1\auto-service-1.0.1.jar;C:\Users\pc\.m2\repository\com\google\auto\auto-common\1.2\auto-common-1.2.jar;C:\Users\pc\.m2\repository\com\google\guava\guava\31.1-jre\guava-31.1-jre.jar;C:\Users\pc\.m2\repository\com\google\guava\failureaccess\1.0.1\failureaccess-1.0.1.jar;C:\Users\pc\.m2\repository\com\google\guava\listenablefuture\9999.0-empty-to-avoid-conflict-with-guava\listenablefuture-9999.0-empty-to-avoid-conflict-with-guava.jar;C:\Users\pc\.m2\repository\com\google\code\findbugs\jsr305\3.0.2\jsr305-3.0.2.jar;C:\Users\pc\.m2\repository\org\checkerframework\checker-qual\3.12.0\checker-qual-3.12.0.jar;C:\Users\pc\.m2\repository\com\google\errorprone\error_prone_annotations\2.11.0\error_prone_annotations-2.11.0.jar;C:\Users\pc\.m2\repository\com\google\j2objc\j2objc-annotations\1.3\j2objc-annotations-1.3.jar;C:\Users\pc\.m2\repository\org\seleniumhq\selenium\selenium-chromium-driver\4.8.3\selenium-chromium-driver-4.8.3.jar;C:\Users\pc\.m2\repository\org\seleniumhq\selenium\selenium-json\4.8.3\selenium-json-4.8.3.jar;C:\Users\pc\.m2\repository\org\seleniumhq\selenium\selenium-manager\4.8.3\selenium-manager-4.8.3.jar;C:\Users\pc\.m2\repository\org\seleniumhq\selenium\selenium-devtools-v116\4.14.1\selenium-devtools-v116-4.14.1.jar;C:\Users\pc\.m2\repository\org\seleniumhq\selenium\selenium-devtools-v117\4.14.1\selenium-devtools-v117-4.14.1.jar;C:\Users\pc\.m2\repository\org\seleniumhq\selenium\selenium-devtools-v118\4.14.1\selenium-devtools-v118-4.14.1.jar;C:\Users\pc\.m2\repository\org\seleniumhq\selenium\selenium-devtools-v85\4.8.3\selenium-devtools-v85-4.8.3.jar;C:\Users\pc\.m2\repository\org\seleniumhq\selenium\selenium-edge-driver\4.8.3\selenium-edge-driver-4.8.3.jar;C:\Users\pc\.m2\repository\org\seleniumhq\selenium\selenium-firefox-driver\4.8.3\selenium-firefox-driver-4.8.3.jar;C:\Users\pc\.m2\repository\org\seleniumhq\selenium\selenium-http\4.8.3\selenium-http-4.8.3.jar;C:\Users\pc\.m2\repository\dev\failsafe\failsafe\3.3.1\failsafe-3.3.1.jar;C:\Users\pc\.m2\repository\org\seleniumhq\selenium\selenium-ie-driver\4.8.3\selenium-ie-driver-4.8.3.jar;C:\Users\pc\.m2\repository\org\seleniumhq\selenium\selenium-remote-driver\4.8.3\selenium-remote-driver-4.8.3.jar;C:\Users\pc\.m2\repository\com\beust\jcommander\1.82\jcommander-1.82.jar;C:\Users\pc\.m2\repository\io\netty\netty-buffer\4.1.100.Final\netty-buffer-4.1.100.Final.jar;C:\Users\pc\.m2\repository\io\netty\netty-codec-http\4.1.100.Final\netty-codec-http-4.1.100.Final.jar;C:\Users\pc\.m2\repository\io\netty\netty-codec\4.1.100.Final\netty-codec-4.1.100.Final.jar;C:\Users\pc\.m2\repository\io\netty\netty-handler\4.1.100.Final\netty-handler-4.1.100.Final.jar;C:\Users\pc\.m2\repository\io\netty\netty-common\4.1.100.Final\netty-common-4.1.100.Final.jar;C:\Users\pc\.m2\repository\io\netty\netty-transport-classes-epoll\4.1.100.Final\netty-transport-classes-epoll-4.1.100.Final.jar;C:\Users\pc\.m2\repository\io\netty\netty-transport-classes-kqueue\4.1.100.Final\netty-transport-classes-kqueue-4.1.100.Final.jar;C:\Users\pc\.m2\repository\io\netty\netty-transport-native-epoll\4.1.100.Final\netty-transport-native-epoll-4.1.100.Final.jar;C:\Users\pc\.m2\repository\io\netty\netty-transport-native-kqueue\4.1.100.Final\netty-transport-native-kqueue-4.1.100.Final.jar;C:\Users\pc\.m2\repository\io\netty\netty-transport-native-unix-common\4.1.100.Final\netty-transport-native-unix-common-4.1.100.Final.jar;C:\Users\pc\.m2\repository\io\netty\netty-transport\4.1.100.Final\netty-transport-4.1.100.Final.jar;C:\Users\pc\.m2\repository\io\netty\netty-resolver\4.1.100.Final\netty-resolver-4.1.100.Final.jar;C:\Users\pc\.m2\repository\io\opentelemetry\opentelemetry-api\1.25.0\opentelemetry-api-1.25.0.jar;C:\Users\pc\.m2\repository\io\opentelemetry\opentelemetry-context\1.25.0\opentelemetry-context-1.25.0.jar;C:\Users\pc\.m2\repository\io\opentelemetry\opentelemetry-exporter-logging\1.25.0\opentelemetry-exporter-logging-1.25.0.jar;C:\Users\pc\.m2\repository\io\opentelemetry\opentelemetry-sdk-metrics\1.25.0\opentelemetry-sdk-metrics-1.25.0.jar;C:\Users\pc\.m2\repository\io\opentelemetry\opentelemetry-sdk-logs\1.25.0-alpha\opentelemetry-sdk-logs-1.25.0-alpha.jar;C:\Users\pc\.m2\repository\io\opentelemetry\opentelemetry-api-logs\1.25.0-alpha\opentelemetry-api-logs-1.25.0-alpha.jar;C:\Users\pc\.m2\repository\io\opentelemetry\opentelemetry-api-events\1.25.0-alpha\opentelemetry-api-events-1.25.0-alpha.jar;C:\Users\pc\.m2\repository\io\opentelemetry\opentelemetry-sdk-common\1.25.0\opentelemetry-sdk-common-1.25.0.jar;C:\Users\pc\.m2\repository\io\opentelemetry\opentelemetry-sdk-extension-autoconfigure-spi\1.25.0\opentelemetry-sdk-extension-autoconfigure-spi-1.25.0.jar;C:\Users\pc\.m2\repository\io\opentelemetry\opentelemetry-sdk-extension-autoconfigure\1.24.0-alpha\opentelemetry-sdk-extension-autoconfigure-1.24.0-alpha.jar;C:\Users\pc\.m2\repository\io\opentelemetry\opentelemetry-sdk-trace\1.25.0\opentelemetry-sdk-trace-1.25.0.jar;C:\Users\pc\.m2\repository\io\opentelemetry\opentelemetry-sdk\1.25.0\opentelemetry-sdk-1.25.0.jar;C:\Users\pc\.m2\repository\io\opentelemetry\opentelemetry-semconv\1.24.0-alpha\opentelemetry-semconv-1.24.0-alpha.jar;C:\Users\pc\.m2\repository\io\ous\jtoml\2.0.0\jtoml-2.0.0.jar;C:\Users\pc\.m2\repository\org\apache\commons\commons-exec\1.3\commons-exec-1.3.jar;C:\Users\pc\.m2\repository\org\asynchttpclient\async-http-client\2.12.3\async-http-client-2.12.3.jar;C:\Users\pc\.m2\repository\org\asynchttpclient\async-http-client-netty-utils\2.12.3\async-http-client-netty-utils-2.12.3.jar;C:\Users\pc\.m2\repository\io\netty\netty-codec-socks\4.1.100.Final\netty-codec-socks-4.1.100.Final.jar;C:\Users\pc\.m2\repository\io\netty\netty-handler-proxy\4.1.100.Final\netty-handler-proxy-4.1.100.Final.jar;C:\Users\pc\.m2\repository\io\netty\netty-transport-native-epoll\4.1.100.Final\netty-transport-native-epoll-4.1.100.Final-linux-x86_64.jar;C:\Users\pc\.m2\repository\io\netty\netty-transport-native-kqueue\4.1.100.Final\netty-transport-native-kqueue-4.1.100.Final-osx-x86_64.jar;C:\Users\pc\.m2\repository\org\reactivestreams\reactive-streams\1.0.4\reactive-streams-1.0.4.jar;C:\Users\pc\.m2\repository\com\typesafe\netty\netty-reactive-streams\2.0.4\netty-reactive-streams-2.0.4.jar;C:\Users\pc\.m2\repository\com\sun\activation\jakarta.activation\1.2.2\jakarta.activation-1.2.2.jar;C:\Users\pc\.m2\repository\org\seleniumhq\selenium\selenium-safari-driver\4.8.3\selenium-safari-driver-4.8.3.jar;C:\Users\pc\.m2\repository\org\seleniumhq\selenium\selenium-support\4.8.3\selenium-support-4.8.3.jar;"/>
    <property name="sun.cpu.endian" value="little"/>
    <property name="user.home" value="C:\Users\pc"/>
    <property name="user.language" value="en"/>
    <property name="java.specification.vendor" value="Oracle Corporation"/>
    <property name="java.version.date" value="2023-01-17"/>
    <property name="java.home" value="C:\Users\pc\.p2\pool\plugins\org.eclipse.justj.openjdk.hotspot.jre.full.win32.x86_64_17.0.6.v20230204-1729\jre"/>
    <property name="file.separator" value="\"/>
    <property name="style.color" value="always"/>
    <property name="basedir" value="C:\Users\pc\git\school-assistant\school-assistant-api"/>
    <property name="java.vm.compressedOopsMode" value="32-bit"/>
    <property name="line.separator" value="&#10;"/>
    <property name="java.vm.specification.vendor" value="Oracle Corporation"/>
    <property name="java.specification.name" value="Java Platform API Specification"/>
    <property name="FILE_LOG_CHARSET" value="windows-1252"/>
    <property name="java.awt.headless" value="true"/>
    <property name="surefire.real.class.path" value="C:\Users\pc\AppData\Local\Temp\surefire18081923884292217574\surefirebooter-20231116144538988_3.jar"/>
    <property name="user.script" value=""/>
    <property name="sun.management.compiler" value="HotSpot 64-Bit Tiered Compilers"/>
    <property name="java.runtime.version" value="17.0.6+10"/>
    <property name="user.name" value="pc"/>
    <property name="path.separator" value=";"/>
    <property name="os.version" value="10.0"/>
    <property name="java.runtime.name" value="OpenJDK Runtime Environment"/>
    <property name="file.encoding" value="Cp1252"/>
    <property name="java.vm.name" value="OpenJDK 64-Bit Server VM"/>
    <property name="java.vendor.version" value="Temurin-17.0.6+10"/>
    <property name="localRepository" value="C:\Users\pc\.m2\repository"/>
    <property name="java.vendor.url.bug" value="https://github.com/adoptium/adoptium-support/issues"/>
    <property name="java.io.tmpdir" value="C:\Users\pc\AppData\Local\Temp\"/>
    <property name="java.version" value="17.0.6"/>
    <property name="user.dir" value="C:\Users\pc\git\school-assistant\school-assistant-api"/>
    <property name="os.arch" value="amd64"/>
    <property name="java.vm.specification.name" value="Java Virtual Machine Specification"/>
    <property name="PID" value="12828"/>
    <property name="sun.os.patch.level" value=""/>
    <property name="CONSOLE_LOG_CHARSET" value="windows-1252"/>
    <property name="native.encoding" value="Cp1252"/>
    <property name="java.library.path" value="C:\Users\pc\.p2\pool\plugins\org.eclipse.justj.openjdk.hotspot.jre.full.win32.x86_64_17.0.6.v20230204-1729\jre\bin;C:\WINDOWS\Sun\Java\bin;C:\WINDOWS\system32;C:\WINDOWS;C:/Users/pc/.p2/pool/plugins/org.eclipse.justj.openjdk.hotspot.jre.full.win32.x86_64_17.0.6.v20230204-1729/jre/bin/server;C:/Users/pc/.p2/pool/plugins/org.eclipse.justj.openjdk.hotspot.jre.full.win32.x86_64_17.0.6.v20230204-1729/jre/bin;C:\Program Files (x86)\Common Files\Oracle\Java\javapath;C:\WINDOWS\system32;C:\WINDOWS;C:\WINDOWS\System32\Wbem;C:\WINDOWS\System32\WindowsPowerShell\v1.0\;C:\WINDOWS\System32\OpenSSH\;C:\Program Files\Git\cmd;C:\ProgramData\chocolatey\bin;C:\Program Files (x86)\nodejs\;C:\MinGW\bin;C:\Program Files\CMake\bin;C:\Program Files\dotnet\;C:\Users\pc\AppData\Local\Programs\Python\Python311\Scripts\;C:\Users\pc\AppData\Local\Programs\Python\Python311\;C:\Users\pc\AppData\Local\Microsoft\WindowsApps;C:\Users\pc\AppData\Local\GitHubDesktop\bin;C:\Users\pc\AppData\Roaming\npm;C:\Users\pc\AppData\Local\Programs\Microsoft VS Code\bin;C:\msys64\mingw64\bin;;C:\WINDOWS\system32;;."/>
    <property name="java.vm.info" value="mixed mode"/>
    <property name="java.vendor" value="Eclipse Adoptium"/>
    <property name="java.vm.version" value="17.0.6+10"/>
    <property name="sun.io.unicode.encoding" value="UnicodeLittle"/>
    <property name="java.class.version" value="61.0"/>
  </properties>
  <testcase name="contextLoads" classname="com.springboot.schoolassistantapi.SchoolAssistantApiApplicationTests" time="1.215">
    <system-out><![CDATA[14:45:40.441 [main] INFO org.springframework.test.context.support.AnnotationConfigContextLoaderUtils -- Could not detect default configuration classes for test class [com.springboot.schoolassistantapi.SchoolAssistantApiApplicationTests]: SchoolAssistantApiApplicationTests does not declare any static, non-private, non-final, nested classes annotated with @Configuration.
14:45:40.661 [main] INFO org.springframework.boot.test.context.SpringBootTestContextBootstrapper -- Found @SpringBootConfiguration com.springboot.schoolassistantapi.SchoolAssistantApiApplication for test class com.springboot.schoolassistantapi.SchoolAssistantApiApplicationTests

  .   ____          _            __ _ _
 /\\ / ___'_ __ _ _(_)_ __  __ _ \ \ \ \
( ( )\___ | '_ | '_| | '_ \/ _` | \ \ \ \
 \\/  ___)| |_)| | | | | || (_| |  ) ) ) )
  '  |____| .__|_| |_|_| |_\__, | / / / /
 =========|_|==============|___/=/_/_/_/
 :: Spring Boot ::                (v3.1.5)

2023-11-16T14:45:41.250+01:00  INFO 12828 --- [           main] c.s.s.SchoolAssistantApiApplicationTests : Starting SchoolAssistantApiApplicationTests using Java 17.0.6 with PID 12828 (started by pc in C:\Users\pc\git\school-assistant\school-assistant-api)
2023-11-16T14:45:41.253+01:00  INFO 12828 --- [           main] c.s.s.SchoolAssistantApiApplicationTests : No active profile set, falling back to 1 default profile: "default"
2023-11-16T14:45:42.769+01:00  INFO 12828 --- [           main] c.s.s.SchoolAssistantApiApplicationTests : Started SchoolAssistantApiApplicationTests in 1.884 seconds (process running for 3.502)
]]></system-out>
  </testcase>
</testsuite>